2025-12-07 22:56:59,519 [ERROR] APScheduler not installed. Run: pip install apscheduler
2025-12-07 22:56:59,520 [INFO] Falling back to simple loop mode...
2025-12-07 22:56:59,520 [INFO] Simple scheduler mode (checks every hour)
2025-12-08 14:09:33,736 [INFO] ============================================================
2025-12-08 14:09:33,743 [INFO] DAILY MAINTENANCE STARTED
2025-12-08 14:09:33,744 [INFO] Time: 2025-12-08 14:09:33
2025-12-08 14:09:33,744 [INFO] ============================================================
2025-12-08 14:09:33,744 [INFO] Starting incremental ETL...
2025-12-08 14:09:34,372 [INFO] Incremental ETL completed successfully
2025-12-08 14:09:34,372 [INFO] Generating vote analyses...
2025-12-08 14:09:34,571 [INFO] Vote analyses completed
2025-12-08 14:09:34,571 [INFO] Maintenance completed in 0.8 seconds
2025-12-08 14:09:34,571 [INFO] ============================================================
2025-12-09 06:55:53,070 [INFO] ============================================================
2025-12-09 06:55:53,081 [INFO] DAILY MAINTENANCE STARTED
2025-12-09 06:55:53,085 [INFO] Time: 2025-12-09 06:55:53
2025-12-09 06:55:53,086 [INFO] ============================================================
2025-12-09 06:55:53,087 [INFO] Starting incremental ETL...
2025-12-09 06:55:58,414 [INFO] Incremental ETL completed successfully
2025-12-09 06:55:58,415 [INFO] Generating vote analyses...
2025-12-09 06:55:58,488 [INFO] Vote analyses completed
2025-12-09 06:55:58,488 [INFO] Maintenance completed in 5.4 seconds
2025-12-09 06:55:58,488 [INFO] ============================================================
2025-12-10 14:05:29,956 [INFO] ============================================================
2025-12-10 14:05:29,962 [INFO] DAILY MAINTENANCE STARTED
2025-12-10 14:05:29,963 [INFO] Time: 2025-12-10 14:05:29
2025-12-10 14:05:29,963 [INFO] ============================================================
2025-12-10 14:05:29,963 [INFO] Starting incremental ETL...
2025-12-10 14:05:30,703 [INFO] Incremental ETL completed successfully
2025-12-10 14:05:30,703 [INFO] Generating vote analyses...
2025-12-10 14:05:30,808 [INFO] Vote analyses completed
2025-12-10 14:05:30,808 [INFO] Maintenance completed in 0.8 seconds
2025-12-10 14:05:30,808 [INFO] ============================================================
